============================================================
  Generated by:           Genus(TM) Synthesis Solution 21.18-s082_1
  Generated on:           Mar 18 2026  03:47:18 pm
  Module:                 scheduler_top
  Operating conditions:   PVT_0P9V_125C (balanced_tree)
  Wireload mode:          enclosed
  Area mode:              timing library
============================================================

Timing
--------

Clock  Period 
--------------
clk   10000.0 


  Cost    Critical         Violating 
 Group   Path Slack  TNS     Paths   
-------------------------------------
clk          4513.4   0.0          0 
default    No paths   0.0            
-------------------------------------
Total                 0.0          0 

Instance Count
--------------
Leaf Instance Count             2582 
Physical Instance count            0 
Sequential Instance Count        842 
Combinational Instance Count    1740 
Hierarchical Instance Count        0 

Area
----
Cell Area                          9431.334
Physical Cell Area                 0.000
Total Cell Area (Cell+Physical)    9431.334
Net Area                           0.000
Total Area (Cell+Physical+Net)     9431.334

Max Fanout                         842 (clk)
Min Fanout                         0 (csr_wdata_i[31])
Average Fanout                     3.0
Terms to net ratio                 4.0519
Terms to instance ratio            4.4113
Runtime                            121.13865999999999 seconds
Elapsed Runtime                    153 seconds
Genus peak memory usage            1733.85 
Innovus peak memory usage          no_value 
Hostname                           <redacted>
