============================================================
  Generated by:           Genus(TM) Synthesis Solution 21.18-s082_1
  Generated on:           Mar 18 2026  03:47:18 pm
  Module:                 scheduler_top
  Operating conditions:   PVT_0P9V_125C (balanced_tree)
  Wireload mode:          enclosed
  Area mode:              timing library
============================================================


Path 1: MET (4513 ps) Late External Delay Assertion at pin out_data_o[0]
          Group: clk
     Startpoint: (R) u_csr_regs_aging_threshold_q_reg[1]/CK
          Clock: (R) clk
       Endpoint: (F) out_data_o[0]
          Clock: (R) clk

                     Capture       Launch     
        Clock Edge:+   10000            0     
       Src Latency:+       0            0     
       Net Latency:+       0 (I)        0 (I) 
           Arrival:=   10000            0     
                                              
      Output Delay:-    1000                  
       Uncertainty:-      10                  
     Required Time:=    8990                  
      Launch Clock:-       0                  
         Data Path:-    4477                  
             Slack:=    4513                  

Exceptions/Constraints:
  output_delay             1000            constraints.sdc_line_9_209_1 

#----------------------------------------------------------------------------------------------------------------
#             Timing Point               Flags    Arc   Edge   Cell     Fanout Load Trans Delay Arrival Instance 
#                                                                              (fF)  (ps)  (ps)   (ps)  Location 
#----------------------------------------------------------------------------------------------------------------
  u_csr_regs_aging_threshold_q_reg[1]/CK -       -      R     (arrival)    842    -   100     0       0    (-,-) 
  u_csr_regs_aging_threshold_q_reg[1]/Q  -       CK->Q  R     SDFFRHQX1      7  2.6    68   308     308    (-,-) 
  g44087__5115/Y                         -       A->Y   F     NAND2X1        4  1.2   101   111     419    (-,-) 
  g43998__7482/Y                         -       B->Y   R     NOR2X1         1  0.4    53    85     504    (-,-) 
  g43895__5115/Y                         -       B1->Y  F     OAI222X1       1  0.4   191   197     701    (-,-) 
  g43825__1617/Y                         -       A1->Y  R     AOI22X1        1  0.4    73   166     867    (-,-) 
  g43749__5115/Y                         -       A1->Y  F     OAI211X1       1  0.3   124   136    1003    (-,-) 
  g43734__6260/Y                         -       B->Y   R     NAND2X1        2  0.6    46    88    1092    (-,-) 
  g43700__1666/Y                         -       A1->Y  F     OAI21X1        9  2.9   203   152    1244    (-,-) 
  g43698/Y                               -       A->Y   R     INVX1          8  3.2   107   160    1404    (-,-) 
  g43680__6783/Y                         -       B1->Y  F     OAI222X1       1  0.4   191   227    1631    (-,-) 
  g43674__5107/Y                         -       B0->Y  R     OAI2BB1X1      1  0.4    56   128    1759    (-,-) 
  g43665__2883/Y                         -       C0->Y  F     OAI221X1       1  0.4   155   159    1919    (-,-) 
  g43657__6131/Y                         -       A2->Y  R     AOI31X1        1  0.2    61   127    2046    (-,-) 
  g43656__7098/Y                         -       A1N->Y R     AOI2BB1X1     10  4.0   204   189    2235    (-,-) 
  g43653__5122/Y                         -       B->Y   F     NOR2X1         8  3.1   126   177    2411    (-,-) 
  g43651/Y                               -       A->Y   R     INVX1          2  0.8    45    88    2500    (-,-) 
  g43649__2802/Y                         -       B->Y   F     NOR2X1         2  0.6    40    47    2547    (-,-) 
  g43640__2398/Y                         -       C->Y   R     NOR4X1         1  0.4   119   127    2674    (-,-) 
  g43634__2883/Y                         -       B1->Y  F     OAI222X1       1  0.4   192   233    2908    (-,-) 
  g43631__6161/Y                         -       B0->Y  R     OAI2BB1X1      1  0.4    56   129    3036    (-,-) 
  g43629__7482/Y                         -       B0->Y  F     OAI21X1        1  0.4    74    90    3126    (-,-) 
  g43627__1881/Y                         -       A2->Y  R     AOI31X1        2  0.6    78    94    3220    (-,-) 
  g43626__6131/Y                         -       A1N->Y R     OAI2BB1X1      3  1.2    52   157    3377    (-,-) 
  g43619__3680/Y                         -       A1->Y  F     OAI22X1        4  0.8   124   120    3496    (-,-) 
  g43599__5115/Y                         -       C->Y   F     AND3X1        32  6.4   173   198    3695    (-,-) 
  g43431__5115/Y                         -       A1->Y  R     AOI22XL        1  0.2    70   158    3853    (-,-) 
  g43319__5115/Y                         -       A->Y   F     NAND4XL        1  0.2   179   212    4064    (-,-) 
  g43285__1705/Y                         -       AN->Y  F     NAND4BX1       2  0.4   172   272    4337    (-,-) 
  g43255__1617/Y                         -       A1N->Y F     OAI2BB1X1      1  0.0    42   140    4477    (-,-) 
  out_data_o[0]                          <<<     -      F     (port)         -    -     -     0    4477    (-,-) 
#----------------------------------------------------------------------------------------------------------------

